[+0.00s] DEBUG: Logging to /var/log/lightdm/lightdm.log
[+0.00s] DEBUG: Starting Light Display Manager 1.14.2, UID=0 PID=1734
[+0.00s] DEBUG: Loading configuration dirs from /usr/share/lightdm/lightdm.conf.d
[+0.00s] DEBUG: Loading configuration dirs from /usr/local/share/lightdm/lightdm.conf.d
[+0.00s] DEBUG: Loading configuration dirs from /etc/xdg/lightdm/lightdm.conf.d
[+0.00s] DEBUG: Loading configuration from /etc/lightdm/lightdm.conf
[+0.00s] DEBUG: Using D-Bus name org.freedesktop.DisplayManager
[+0.00s] DEBUG: Registered seat module xlocal
[+0.00s] DEBUG: Registered seat module xremote
[+0.00s] DEBUG: Registered seat module unity
[+0.01s] DEBUG: Monitoring logind for seats
[+0.01s] DEBUG: New seat added from logind: seat0
[+0.01s] DEBUG: Loading properties from config section SeatDefaults
[+0.01s] DEBUG: Seat seat0: Starting
[+0.01s] DEBUG: Seat seat0: Creating greeter session
[+0.02s] DEBUG: Seat seat0: Creating display server of type x
[+0.02s] DEBUG: Could not run plymouth --ping: Failed to execute child process "plymouth" (No such file or directory)
[+0.02s] DEBUG: Using VT 1
[+0.02s] DEBUG: Seat seat0: Starting local X display on VT 1
[+0.02s] DEBUG: DisplayServer x-0: Logging to /var/log/lightdm/x-0.log
[+0.02s] DEBUG: DisplayServer x-0: Writing X server authority to /run/lightdm/root/:0
[+0.02s] DEBUG: DisplayServer x-0: Launching X Server
[+0.02s] DEBUG: Launching process 1741: /usr/bin/X vt1 :0 -seat seat0 -auth /run/lightdm/root/:0 -nolisten tcp vt1 -novtswitch
[+0.02s] DEBUG: DisplayServer x-0: Waiting for ready signal from X server :0
[+0.02s] DEBUG: Acquired bus name org.freedesktop.DisplayManager
[+0.02s] DEBUG: Registering seat with bus path /org/freedesktop/DisplayManager/Seat0
[+0.03s] WARNING: Error getting user list from org.freedesktop.Accounts: GDBus.Error:org.freedesktop.DBus.Error.ServiceUnknown: The name org.freedesktop.Accounts was not provided by any .service files
[+0.03s] DEBUG: Loading user config from /etc/lightdm/users.conf
[+0.03s] DEBUG: User pulse added
[+0.03s] DEBUG: User test added
[+2.13s] DEBUG: Got signal 10 from process 1741
[+2.13s] DEBUG: DisplayServer x-0: Got signal from X server :0
[+2.13s] DEBUG: DisplayServer x-0: Connecting to XServer :0
[+2.13s] DEBUG: Launching process 1786: myx
[+2.22s] DEBUG: Process 1786 exited with return value 0
[+2.22s] DEBUG: Seat seat0: Exit status of myx: 0
[+2.22s] DEBUG: Seat seat0: Display server ready, starting session authentication
[+2.22s] DEBUG: Session pid=1799: Started with service 'lightdm-greeter', username 'lightdm'
[+2.26s] DEBUG: Session pid=1799: Authentication complete with return value 0: Success
[+2.26s] DEBUG: Seat seat0: Session authenticated, running command
[+2.26s] DEBUG: Launching process 1804: myx
[+2.26s] DEBUG: Process 1804 exited with return value 0
[+2.26s] DEBUG: Seat seat0: Exit status of myx: 0
[+2.26s] DEBUG: Session pid=1799: Running command /usr/bin/lightdm-gtk-greeter
[+2.26s] DEBUG: Creating shared data directory /var/lib/lightdm-data/lightdm
[+2.26s] DEBUG: Session pid=1799: Logging to /var/log/lightdm/x-0-greeter.log
[+2.28s] DEBUG: Activating VT 1
[+2.28s] DEBUG: Activating login1 session c2
[+2.28s] DEBUG: Seat seat0 changes active session to c2
[+2.28s] DEBUG: Session c2 is already active
[+2.59s] DEBUG: Session pid=1799: Greeter connected version=1.14.2 resettable=false
[+3.11s] DEBUG: Session pid=1799: Greeter start authentication for test
[+3.11s] DEBUG: Session pid=1885: Started with service 'lightdm', username 'test'
[+3.12s] DEBUG: Session pid=1885: Got 1 message(s) from PAM
[+3.12s] DEBUG: Session pid=1799: Prompt greeter with 1 message(s)
[+13.63s] DEBUG: Session pid=1799: Continue authentication
[+13.70s] DEBUG: Session pid=1885: Authentication complete with return value 0: Success
[+13.70s] DEBUG: Session pid=1799: Authenticate result for user test: Success
[+13.70s] DEBUG: Session pid=1799: User test authorized
[+13.73s] DEBUG: Session pid=1799: Greeter sets language en_US.utf8
[+13.93s] DEBUG: Session pid=1799: Greeter requests session xfce
[+13.93s] DEBUG: Seat seat0: Stopping greeter; display server will be re-used for user session
[+13.93s] DEBUG: Session pid=1799: Sending SIGTERM
[+14.04s] DEBUG: Session pid=1799: Greeter closed communication channel
[+14.04s] DEBUG: Session pid=1799: Exited with return value 0
[+14.04s] DEBUG: Seat seat0: Session stopped
[+14.04s] DEBUG: Seat seat0: Greeter stopped, running session
[+14.04s] DEBUG: Launching process 2605: myx
[+14.05s] DEBUG: Process 2605 exited with return value 0
[+14.05s] DEBUG: Seat seat0: Exit status of myx: 0
[+14.05s] DEBUG: Registering session with bus path /org/freedesktop/DisplayManager/Session0
[+14.06s] DEBUG: Session pid=1885: Running command /etc/lightdm/Xsession startxfce4
[+14.06s] DEBUG: Creating shared data directory /var/lib/lightdm-data/test
[+14.06s] DEBUG: Session pid=1885: Logging to .xsession-errors
[+14.19s] DEBUG: Activating VT 1
[+14.19s] DEBUG: Activating login1 session 2
[+14.19s] DEBUG: Seat seat0 changes active session to 2
[+14.19s] DEBUG: Session 2 is already active
