2015/08/12 12:33:33 :: ---------------------------
2015/08/12 12:33:33 :: wicd initializing...
2015/08/12 12:33:33 :: ---------------------------
2015/08/12 12:33:33 :: wicd is version 1.7.3 933
2015/08/12 12:33:33 :: setting backend to external
2015/08/12 12:33:33 :: trying to load backend external
2015/08/12 12:33:33 :: successfully loaded backend external
2015/08/12 12:33:34 :: trying to load backend external
2015/08/12 12:33:34 :: successfully loaded backend external
2015/08/12 12:33:34 :: Automatically detected wireless interface wlan0
2015/08/12 12:33:34 :: setting wireless interface wlan0
2015/08/12 12:33:34 :: automatically detected wired interface wlan0
2015/08/12 12:33:34 :: setting wired interface None
2015/08/12 12:33:34 :: setting wpa driver nl80211
2015/08/12 12:33:34 :: setting use global dns to False
2015/08/12 12:33:34 :: setting global dns
2015/08/12 12:33:34 :: global dns servers are None None None
2015/08/12 12:33:34 :: domain is None
2015/08/12 12:33:34 :: search domain is None
2015/08/12 12:33:34 :: setting automatically reconnect when connection drops True
2015/08/12 12:33:34 :: Setting dhcp client to 1
2015/08/12 12:33:34 :: Wireless configuration file found...
2015/08/12 12:33:34 :: Wired configuration file found...
2015/08/12 12:33:34 :: chmoding configuration files 0600...
2015/08/12 12:33:34 :: chowning configuration files root:root...
2015/08/12 12:33:34 :: Using wireless interface...wlan0
2015/08/12 12:33:34 :: Using wired interface...
2015/08/12 12:33:37 :: hidden
2015/08/12 12:33:40 :: Autoconnecting...
2015/08/12 12:33:40 :: No wired connection present, attempting to autoconnect to wireless network
2015/08/12 12:33:42 :: hidden
2015/08/12 12:33:42 :: hidden
2015/08/12 12:33:42 :: Unable to autoconnect, you'll have to manually connect
2015/08/12 12:33:45 :: Autoconnecting...
2015/08/12 12:33:45 :: No wired connection present, attempting to autoconnect to wireless network
2015/08/12 12:33:47 :: hidden
2015/08/12 12:33:47 :: hidden
2015/08/12 12:33:48 :: Unable to autoconnect, you'll have to manually connect
2015/08/12 12:33:50 :: Autoconnecting...
2015/08/12 12:33:50 :: No wired connection present, attempting to autoconnect to wireless network
2015/08/12 12:33:52 :: hidden
2015/08/12 12:33:52 :: Unable to autoconnect, you'll have to manually connect
2015/08/12 12:33:55 :: Autoconnecting...
2015/08/12 12:33:55 :: No wired connection present, attempting to autoconnect to wireless network
2015/08/12 12:33:57 :: hidden
2015/08/12 12:33:57 :: Unable to autoconnect, you'll have to manually connect
2015/08/12 12:34:48 :: hidden
2015/08/12 12:34:51 :: Connecting to wireless network amrox
2015/08/12 12:34:52 :: Putting interface down
2015/08/12 12:34:52 :: Releasing DHCP leases...
2015/08/12 12:34:52 :: Setting false IP...
2015/08/12 12:34:53 :: Stopping wpa_supplicant
2015/08/12 12:34:53 :: Flushing the routing table...
2015/08/12 12:34:53 :: Putting interface up...
2015/08/12 12:34:55 :: Generating psk...
2015/08/12 12:34:55 :: Attempting to authenticate...
2015/08/12 12:34:58 :: Running DHCP with NO hostname
2015/08/12 12:34:58 :: Internet Systems Consortium DHCP Client 4.3.2
2015/08/12 12:34:58 :: Copyright 2004-2015 Internet Systems Consortium.
2015/08/12 12:34:58 :: All rights reserved.
2015/08/12 12:34:58 :: For info, please visit https://www.isc.org/software/dhcp/
2015/08/12 12:34:58 :: 
2015/08/12 12:34:58 :: Listening on LPF/wlan0/d8:50:e6:1b:43:96
2015/08/12 12:34:58 :: Sending on   LPF/wlan0/d8:50:e6:1b:43:96
2015/08/12 12:34:58 :: Sending on   Socket/fallback
2015/08/12 12:34:58 :: DHCPDISCOVER on wlan0 to 255.255.255.255 port 67 interval 6
2015/08/12 12:34:58 :: DHCPREQUEST on wlan0 to 255.255.255.255 port 67
2015/08/12 12:34:58 :: DHCPOFFER from 192.168.43.1
2015/08/12 12:34:59 :: DHCPACK from 192.168.43.1
2015/08/12 12:34:59 :: bound to 192.168.43.171 -- renewal in 1355 seconds.
2015/08/12 12:34:59 :: DHCP connection successful
2015/08/12 12:34:59 :: not verifying
2015/08/12 12:34:59 :: Connecting thread exiting.
2015/08/12 12:34:59 :: Sending connection attempt result success
2015/08/12 12:38:27 :: Daemon going down, killing wicd-monitor...
2015/08/12 12:38:27 :: Removing PID file...
2015/08/12 12:38:27 :: Shutting down...
2015/08/12 12:38:27 :: Exception KeyError: KeyError(-1225203184,) in <module 'threading' from '/usr/lib/python2.7/threading.pyo'> ignored
2015/08/12 14:29:15 :: ---------------------------
2015/08/12 14:29:15 :: wicd initializing...
2015/08/12 14:29:15 :: ---------------------------
2015/08/12 14:29:15 :: wicd is version 1.7.3 933
2015/08/12 14:29:15 :: setting backend to external
2015/08/12 14:29:15 :: trying to load backend external
2015/08/12 14:29:15 :: successfully loaded backend external
2015/08/12 14:29:15 :: trying to load backend external
2015/08/12 14:29:15 :: successfully loaded backend external
2015/08/12 14:29:16 :: Automatically detected wireless interface wlan0
2015/08/12 14:29:16 :: setting wireless interface wlan0
2015/08/12 14:29:16 :: automatically detected wired interface wlan0
2015/08/12 14:29:16 :: setting wired interface None
2015/08/12 14:29:16 :: setting wpa driver nl80211
2015/08/12 14:29:16 :: setting use global dns to False
2015/08/12 14:29:16 :: setting global dns
2015/08/12 14:29:16 :: global dns servers are None None None
2015/08/12 14:29:16 :: domain is None
2015/08/12 14:29:16 :: search domain is None
2015/08/12 14:29:16 :: setting automatically reconnect when connection drops True
2015/08/12 14:29:16 :: Setting dhcp client to 1
2015/08/12 14:29:16 :: Wireless configuration file found...
2015/08/12 14:29:16 :: Wired configuration file found...
2015/08/12 14:29:16 :: chmoding configuration files 0600...
2015/08/12 14:29:16 :: chowning configuration files root:root...
2015/08/12 14:29:16 :: Using wireless interface...wlan0
2015/08/12 14:29:16 :: Using wired interface...
2015/08/12 14:29:22 :: Autoconnecting...
2015/08/12 14:29:22 :: No wired connection present, attempting to autoconnect to wireless network
2015/08/12 14:29:24 :: Unable to autoconnect, you'll have to manually connect
2015/08/12 14:29:27 :: Autoconnecting...
2015/08/12 14:29:27 :: No wired connection present, attempting to autoconnect to wireless network
2015/08/12 14:29:29 :: Unable to autoconnect, you'll have to manually connect
2015/08/12 14:29:32 :: Autoconnecting...
2015/08/12 14:29:32 :: No wired connection present, attempting to autoconnect to wireless network
2015/08/12 14:29:34 :: Unable to autoconnect, you'll have to manually connect
2015/08/12 14:29:37 :: Autoconnecting...
2015/08/12 14:29:37 :: No wired connection present, attempting to autoconnect to wireless network
2015/08/12 14:29:39 :: Unable to autoconnect, you'll have to manually connect
2015/08/12 14:32:30 :: hidden
2015/08/12 14:32:30 :: hidden
2015/08/12 14:32:32 :: Connecting to wireless network amrox
2015/08/12 14:32:34 :: Putting interface down
2015/08/12 14:32:34 :: Releasing DHCP leases...
2015/08/12 14:32:34 :: Setting false IP...
2015/08/12 14:32:35 :: Stopping wpa_supplicant
2015/08/12 14:32:35 :: Flushing the routing table...
2015/08/12 14:32:35 :: Putting interface up...
2015/08/12 14:32:37 :: Generating psk...
2015/08/12 14:32:37 :: Attempting to authenticate...
2015/08/12 14:32:40 :: Running DHCP with NO hostname
2015/08/12 14:32:40 :: Internet Systems Consortium DHCP Client 4.3.2
2015/08/12 14:32:40 :: Copyright 2004-2015 Internet Systems Consortium.
2015/08/12 14:32:40 :: All rights reserved.
2015/08/12 14:32:40 :: For info, please visit https://www.isc.org/software/dhcp/
2015/08/12 14:32:40 :: 
2015/08/12 14:32:40 :: Listening on LPF/wlan0/d8:50:e6:1b:43:96
2015/08/12 14:32:40 :: Sending on   LPF/wlan0/d8:50:e6:1b:43:96
2015/08/12 14:32:40 :: Sending on   Socket/fallback
2015/08/12 14:32:40 :: DHCPDISCOVER on wlan0 to 255.255.255.255 port 67 interval 4
2015/08/12 14:32:40 :: DHCPREQUEST on wlan0 to 255.255.255.255 port 67
2015/08/12 14:32:40 :: DHCPOFFER from 192.168.43.1
2015/08/12 14:32:40 :: DHCPACK from 192.168.43.1
2015/08/12 14:32:40 :: bound to 192.168.43.171 -- renewal in 1357 seconds.
2015/08/12 14:32:40 :: DHCP connection successful
2015/08/12 14:32:40 :: not verifying
2015/08/12 14:32:40 :: Connecting thread exiting.
2015/08/12 14:32:41 :: Sending connection attempt result success
2015/08/12 16:01:15 :: hidden
2015/08/12 16:01:15 :: hidden
2015/08/12 16:01:15 :: hidden
2015/08/12 16:01:16 :: hidden
2015/08/12 16:01:16 :: hidden
2015/08/12 16:01:16 :: hidden
2015/08/12 16:01:16 :: hidden
2015/08/12 16:01:16 :: hidden
2015/08/12 16:01:16 :: hidden
2015/08/12 16:01:25 :: Connecting to wireless network Google Starbucks
2015/08/12 16:01:27 :: Putting interface down
2015/08/12 16:01:27 :: Releasing DHCP leases...
2015/08/12 16:01:27 :: Setting false IP...
2015/08/12 16:01:28 :: Stopping wpa_supplicant
2015/08/12 16:01:28 :: Flushing the routing table...
2015/08/12 16:01:28 :: Putting interface up...
2015/08/12 16:01:32 :: Running DHCP with NO hostname
2015/08/12 16:01:32 :: Internet Systems Consortium DHCP Client 4.3.2
2015/08/12 16:01:32 :: Copyright 2004-2015 Internet Systems Consortium.
2015/08/12 16:01:32 :: All rights reserved.
2015/08/12 16:01:32 :: For info, please visit https://www.isc.org/software/dhcp/
2015/08/12 16:01:32 :: 
2015/08/12 16:01:32 :: Listening on LPF/wlan0/d8:50:e6:1b:43:96
2015/08/12 16:01:32 :: Sending on   LPF/wlan0/d8:50:e6:1b:43:96
2015/08/12 16:01:32 :: Sending on   Socket/fallback
2015/08/12 16:01:32 :: DHCPDISCOVER on wlan0 to 255.255.255.255 port 67 interval 8
2015/08/12 16:01:40 :: DHCPDISCOVER on wlan0 to 255.255.255.255 port 67 interval 8
2015/08/12 16:01:48 :: DHCPDISCOVER on wlan0 to 255.255.255.255 port 67 interval 13
2015/08/12 16:02:00 :: canceling connection attempt
2015/08/12 16:02:00 :: running kill dhcp.
2015/08/12 16:02:00 :: DHCP connection failed
2015/08/12 16:02:00 :: Exception in thread Thread-5:
2015/08/12 16:02:00 :: Traceback (most recent call last):
2015/08/12 16:02:00 ::   File "/usr/lib/python2.7/threading.py", line 810, in __bootstrap_inner
2015/08/12 16:02:00 ::     self.run()
2015/08/12 16:02:00 ::   File "/usr/lib/python2.7/site-packages/wicd/networking.py", line 355, in run
2015/08/12 16:02:00 ::     self._connect()
2015/08/12 16:02:00 ::   File "/usr/lib/python2.7/site-packages/wicd/networking.py", line 985, in _connect
2015/08/12 16:02:00 ::     self.set_ip_address(wiface)
2015/08/12 16:02:00 ::   File "/usr/lib/python2.7/site-packages/wicd/networking.py", line 73, in wrapper
2015/08/12 16:02:00 ::     return func(self, *__args, **__kargs)
2015/08/12 16:02:00 ::   File "/usr/lib/python2.7/site-packages/wicd/networking.py", line 479, in set_ip_address
2015/08/12 16:02:00 ::     dhcp_status = iface.StartDHCP(hname)
2015/08/12 16:02:00 ::   File "/usr/lib/python2.7/site-packages/wicd/wnettools.py", line 226, in newfunc
2015/08/12 16:02:00 ::     return func(self, *args, **kwargs)
2015/08/12 16:02:00 ::   File "/usr/lib/python2.7/site-packages/wicd/wnettools.py", line 686, in StartDHCP
2015/08/12 16:02:00 ::     self.dhcp_object.wait()
2015/08/12 16:02:00 :: AttributeError: 'NoneType' object has no attribute 'wait'
2015/08/12 16:02:00 :: 
2015/08/12 16:02:01 :: Sending connection attempt result aborted
2015/08/12 16:02:02 :: Connecting to wireless network amrox
2015/08/12 16:02:03 :: Putting interface down
2015/08/12 16:02:03 :: Releasing DHCP leases...
2015/08/12 16:02:03 :: Setting false IP...
2015/08/12 16:02:04 :: Stopping wpa_supplicant
2015/08/12 16:02:04 :: Flushing the routing table...
2015/08/12 16:02:04 :: Putting interface up...
2015/08/12 16:02:06 :: Generating psk...
2015/08/12 16:02:06 :: Attempting to authenticate...
2015/08/12 16:02:19 :: Running DHCP with NO hostname
2015/08/12 16:02:19 :: Internet Systems Consortium DHCP Client 4.3.2
2015/08/12 16:02:19 :: Copyright 2004-2015 Internet Systems Consortium.
2015/08/12 16:02:19 :: All rights reserved.
2015/08/12 16:02:19 :: For info, please visit https://www.isc.org/software/dhcp/
2015/08/12 16:02:19 :: 
2015/08/12 16:02:19 :: Listening on LPF/wlan0/d8:50:e6:1b:43:96
2015/08/12 16:02:19 :: Sending on   LPF/wlan0/d8:50:e6:1b:43:96
2015/08/12 16:02:19 :: Sending on   Socket/fallback
2015/08/12 16:02:19 :: DHCPDISCOVER on wlan0 to 255.255.255.255 port 67 interval 8
2015/08/12 16:02:19 :: DHCPREQUEST on wlan0 to 255.255.255.255 port 67
2015/08/12 16:02:19 :: DHCPOFFER from 192.168.43.1
2015/08/12 16:02:19 :: DHCPACK from 192.168.43.1
2015/08/12 16:02:19 :: bound to 192.168.43.171 -- renewal in 1605 seconds.
2015/08/12 16:02:19 :: DHCP connection successful
2015/08/12 16:02:19 :: not verifying
2015/08/12 16:02:19 :: Connecting thread exiting.
2015/08/12 16:02:19 :: Sending connection attempt result success
2015/08/12 17:22:50 :: Daemon going down, killing wicd-monitor...
2015/08/12 17:22:50 :: Removing PID file...
2015/08/12 17:22:50 :: Shutting down...
2015/08/12 17:22:50 :: Exception KeyError: KeyError(-1225563632,) in <module 'threading' from '/usr/lib/python2.7/threading.pyo'> ignored
2015/08/14 15:03:32 :: ---------------------------
2015/08/14 15:03:32 :: wicd initializing...
2015/08/14 15:03:32 :: ---------------------------
2015/08/14 15:03:32 :: wicd is version 1.7.3 933
2015/08/14 15:03:32 :: setting backend to external
2015/08/14 15:03:32 :: trying to load backend external
2015/08/14 15:03:32 :: successfully loaded backend external
2015/08/14 15:03:32 :: trying to load backend external
2015/08/14 15:03:32 :: successfully loaded backend external
2015/08/14 15:03:32 :: Automatically detected wireless interface wlan0
2015/08/14 15:03:32 :: setting wireless interface wlan0
2015/08/14 15:03:32 :: automatically detected wired interface wlan0
2015/08/14 15:03:32 :: setting wired interface None
2015/08/14 15:03:32 :: setting wpa driver nl80211
2015/08/14 15:03:32 :: setting use global dns to False
2015/08/14 15:03:32 :: setting global dns
2015/08/14 15:03:32 :: global dns servers are None None None
2015/08/14 15:03:32 :: domain is None
2015/08/14 15:03:32 :: search domain is None
2015/08/14 15:03:32 :: setting automatically reconnect when connection drops True
2015/08/14 15:03:32 :: Setting dhcp client to 1
2015/08/14 15:03:32 :: Wireless configuration file found...
2015/08/14 15:03:32 :: Wired configuration file found...
2015/08/14 15:03:32 :: chmoding configuration files 0600...
2015/08/14 15:03:32 :: chowning configuration files root:root...
2015/08/14 15:03:32 :: Using wireless interface...wlan0
2015/08/14 15:03:32 :: Using wired interface...
2015/08/14 15:03:36 :: hidden
2015/08/14 15:03:36 :: hidden
2015/08/14 15:03:36 :: hidden
2015/08/14 15:03:36 :: hidden
2015/08/14 15:03:36 :: hidden
2015/08/14 15:03:38 :: Autoconnecting...
2015/08/14 15:03:38 :: No wired connection present, attempting to autoconnect to wireless network
2015/08/14 15:03:40 :: hidden
2015/08/14 15:03:40 :: hidden
2015/08/14 15:03:40 :: hidden
2015/08/14 15:03:40 :: hidden
2015/08/14 15:03:40 :: hidden
2015/08/14 15:03:41 :: Unable to autoconnect, you'll have to manually connect
2015/08/14 15:03:43 :: Autoconnecting...
2015/08/14 15:03:43 :: No wired connection present, attempting to autoconnect to wireless network
2015/08/14 15:03:45 :: hidden
2015/08/14 15:03:45 :: hidden
2015/08/14 15:03:45 :: hidden
2015/08/14 15:03:45 :: hidden
2015/08/14 15:03:45 :: hidden
2015/08/14 15:03:46 :: Unable to autoconnect, you'll have to manually connect
2015/08/14 15:03:48 :: Autoconnecting...
2015/08/14 15:03:48 :: No wired connection present, attempting to autoconnect to wireless network
2015/08/14 15:03:50 :: hidden
2015/08/14 15:03:50 :: hidden
2015/08/14 15:03:50 :: hidden
2015/08/14 15:03:50 :: hidden
2015/08/14 15:03:50 :: hidden
2015/08/14 15:03:51 :: hidden
2015/08/14 15:03:51 :: hidden
2015/08/14 15:03:51 :: Unable to autoconnect, you'll have to manually connect
2015/08/14 15:03:53 :: Autoconnecting...
2015/08/14 15:03:53 :: No wired connection present, attempting to autoconnect to wireless network
2015/08/14 15:03:55 :: hidden
2015/08/14 15:03:55 :: hidden
2015/08/14 15:03:55 :: hidden
2015/08/14 15:03:55 :: hidden
2015/08/14 15:03:55 :: hidden
2015/08/14 15:03:56 :: hidden
2015/08/14 15:03:56 :: Unable to autoconnect, you'll have to manually connect
2015/08/14 15:07:13 :: Autoconnecting...
2015/08/14 15:07:13 :: No wired connection present, attempting to autoconnect to wireless network
2015/08/14 15:07:15 :: hidden
2015/08/14 15:07:15 :: hidden
2015/08/14 15:07:15 :: hidden
2015/08/14 15:07:15 :: hidden
2015/08/14 15:07:15 :: hidden
2015/08/14 15:07:16 :: hidden
2015/08/14 15:07:16 :: Unable to autoconnect, you'll have to manually connect
