[2015-04-09 15:41] [PACMAN] Running 'pacman -Scc'
[2015-04-09 15:41] [PACMAN] Running 'pacman -Scc'
[2015-04-09 15:58] [PACMAN] Running 'pacman -S rpmextract'
[2015-04-09 15:58] [ALPM] transaction started
[2015-04-09 15:58] [ALPM] installed rpmextract (1.0-6)
[2015-04-09 15:58] [ALPM] transaction completed
[2015-04-09 16:38] [PACMAN] Running 'pacman -S onboard'
[2015-04-09 16:39] [ALPM] transaction started
[2015-04-09 16:39] [ALPM] installed hunspell (1.3.3-1)
[2015-04-09 16:39] [ALPM] installed python-cairo (1.10.0-5)
[2015-04-09 16:39] [ALPM] installed python-dbus (1.2.0-4)
[2015-04-09 16:39] [ALPM] installed onboard (1.1.1-2)
[2015-04-09 16:39] [ALPM] transaction completed
[2015-04-09 17:05] [PACMAN] Running 'pacman -Rs onboard'
[2015-04-09 17:05] [ALPM] transaction started
[2015-04-09 17:05] [ALPM] removed onboard (1.1.1-2)
[2015-04-09 17:05] [ALPM] removed python-dbus (1.2.0-4)
[2015-04-09 17:05] [ALPM] removed python-cairo (1.10.0-5)
[2015-04-09 17:05] [ALPM] removed hunspell (1.3.3-1)
[2015-04-09 17:05] [ALPM] transaction completed
[2015-04-09 17:05] [PACMAN] Running 'pacman -S caribou'
[2015-04-09 17:06] [PACMAN] Running 'pacman -S caribou'
[2015-04-09 17:06] [ALPM] transaction started
[2015-04-09 17:06] [ALPM] installed python2-gobject (3.14.0-2)
[2015-04-09 17:06] [ALPM] installed python2-atspi (2.12.0-1)
[2015-04-09 17:06] [ALPM] installed libgee (0.16.1-1)
[2015-04-09 17:06] [ALPM] installed cogl (1.20.0-1)
[2015-04-09 17:06] [ALPM] installed libinput (0.13.0-1)
[2015-04-09 17:06] [ALPM] installed clutter (1.20.0-4)
[2015-04-09 17:06] [ALPM] installed caribou (0.4.17-1)
[2015-04-09 17:06] [ALPM] transaction completed
[2015-04-09 17:08] [PACMAN] Running 'pacman -Rs caribou'
[2015-04-09 17:08] [ALPM] transaction started
[2015-04-09 17:08] [ALPM] removed caribou (0.4.17-1)
[2015-04-09 17:08] [ALPM] removed python2-atspi (2.12.0-1)
[2015-04-09 17:08] [ALPM] removed python2-gobject (3.14.0-2)
[2015-04-09 17:08] [ALPM] removed libgee (0.16.1-1)
[2015-04-09 17:08] [ALPM] removed clutter (1.20.0-4)
[2015-04-09 17:08] [ALPM] removed libinput (0.13.0-1)
[2015-04-09 17:08] [ALPM] removed cogl (1.20.0-1)
[2015-04-09 17:08] [ALPM] transaction completed
[2015-04-09 17:08] [PACMAN] Running 'pacman -S matchbox-keyboard'
[2015-04-09 17:08] [ALPM] transaction started
[2015-04-09 17:08] [ALPM] installed libfakekey (0.1-6)
[2015-04-09 17:08] [ALPM] installed matchbox-keyboard (0.1-5)
[2015-04-09 17:08] [ALPM] transaction completed
[2015-04-09 17:10] [PACMAN] Running 'pacman -S onboard'
[2015-04-09 17:10] [ALPM] transaction started
[2015-04-09 17:10] [ALPM] installed hunspell (1.3.3-1)
[2015-04-09 17:10] [ALPM] installed python-cairo (1.10.0-5)
[2015-04-09 17:10] [ALPM] installed python-dbus (1.2.0-4)
[2015-04-09 17:10] [ALPM] installed onboard (1.1.1-2)
[2015-04-09 17:10] [ALPM] transaction completed
[2015-04-09 17:12] [PACMAN] Running 'pacman -Rs onboard'
[2015-04-09 17:12] [ALPM] transaction started
[2015-04-09 17:12] [ALPM] removed onboard (1.1.1-2)
[2015-04-09 17:12] [ALPM] removed python-dbus (1.2.0-4)
[2015-04-09 17:12] [ALPM] removed python-cairo (1.10.0-5)
[2015-04-09 17:12] [ALPM] removed hunspell (1.3.3-1)
[2015-04-09 17:12] [ALPM] transaction completed
[2015-04-09 17:31] [PACMAN] Running 'pacman -Scc'
[2015-04-09 17:31] [PACMAN] Running 'pacman -Scc'
